<?xml version="1.0" encoding="UTF-8"?>
<!-- Generated by org.testng.reporters.JUnitReportReporter -->
<testsuite hostname="USBLRMGIRISH7" failures="0" tests="4" name="api.test.CreateNewCart" time="0.059" errors="0" timestamp="2024-03-19T18:15:39 IST" skipped="0">
  <testcase classname="api.test.CreateNewCart" name="StatusCode" time="0.003"/>
  <system-out/>
  <testcase classname="api.test.CreateNewCart" name="resposeBody" time="0.036"/>
  <system-out/>
  <testcase classname="api.test.CreateNewCart" name="CheckContent" time="0.016"/>
  <system-out/>
  <testcase classname="api.test.CreateNewCart" name="CheckResponseTime" time="0.004"/>
  <system-out/>
</testsuite> <!-- api.test.CreateNewCart -->
