<?xml version="1.0" encoding="UTF-8"?>
<!-- Generated by org.testng.reporters.JUnitReportReporter -->
<testsuite hostname="USBLRMGIRISH7" failures="0" tests="4" name="api.test.GetAProduct" time="0.004" errors="0" timestamp="2024-03-20T16:59:41 IST" skipped="0">
  <testcase classname="api.test.GetAProduct" name="CheckContent" time="0.001"/>
  <system-out/>
  <testcase classname="api.test.GetAProduct" name="StatusCode" time="0.000"/>
  <system-out/>
  <testcase classname="api.test.GetAProduct" name="CheckResponseTime" time="0.002"/>
  <system-out/>
  <testcase classname="api.test.GetAProduct" name="respose" time="0.001"/>
  <system-out/>
</testsuite> <!-- api.test.GetAProduct -->
