<?xml version="1.0" encoding="UTF-8"?>
<!-- Generated by org.testng.reporters.JUnitReportReporter -->
<testsuite hostname="USBLRMGIRISH7" failures="0" tests="4" name="api.test.GetAllProduct" time="0.004" errors="0" timestamp="2024-03-20T16:59:41 IST" skipped="0">
  <testcase classname="api.test.GetAllProduct" name="CheckResponseTime" time="0.001"/>
  <system-out/>
  <testcase classname="api.test.GetAllProduct" name="respose" time="0.001"/>
  <system-out/>
  <testcase classname="api.test.GetAllProduct" name="CheckContent" time="0.001"/>
  <system-out/>
  <testcase classname="api.test.GetAllProduct" name="StatusCode" time="0.001"/>
  <system-out/>
</testsuite> <!-- api.test.GetAllProduct -->
