<?xml version="1.0" encoding="UTF-8"?>
<!-- Generated by org.testng.reporters.JUnitReportReporter -->
<testsuite hostname="USBLRMGIRISH7" failures="0" tests="4" name="api.test.GetProduct" time="0.020" errors="0" timestamp="2024-03-19T18:18:30 IST" skipped="0">
  <testcase classname="api.test.GetProduct" name="resposeBody" time="0.012"/>
  <system-out/>
  <testcase classname="api.test.GetProduct" name="StatusCode" time="0.001"/>
  <system-out/>
  <testcase classname="api.test.GetProduct" name="CheckContent" time="0.005"/>
  <system-out/>
  <testcase classname="api.test.GetProduct" name="CheckResponseTime" time="0.002"/>
  <system-out/>
</testsuite> <!-- api.test.GetProduct -->
