<?xml version="1.0" encoding="UTF-8"?>
<!-- Generated by org.testng.reporters.JUnitReportReporter -->
<testsuite hostname="USBLRMGIRISH7" failures="0" tests="4" name="api.test.GetAllProduct" time="0.030" errors="0" timestamp="2024-03-19T18:09:26 IST" skipped="0">
  <testcase classname="api.test.GetAllProduct" name="respose" time="0.020"/>
  <system-out/>
  <testcase classname="api.test.GetAllProduct" name="CheckResponseTime" time="0.002"/>
  <system-out/>
  <testcase classname="api.test.GetAllProduct" name="StatusCode" time="0.000"/>
  <system-out/>
  <testcase classname="api.test.GetAllProduct" name="CheckContent" time="0.008"/>
  <system-out/>
</testsuite> <!-- api.test.GetAllProduct -->
