<?xml version="1.0" encoding="UTF-8"?>
<!-- Generated by org.testng.reporters.JUnitReportReporter -->
<testsuite hostname="USBLRMGIRISH7" failures="0" tests="1" name="api.test.GetAllOrdersBearer" time="2.932" errors="0" timestamp="2024-03-20T16:59:41 IST" skipped="0">
  <testcase classname="api.test.GetAllOrdersBearer" name="getdata" time="2.932"/>
  <system-out/>
</testsuite> <!-- api.test.GetAllOrdersBearer -->
