<?xml version="1.0" encoding="UTF-8"?>
<!-- Generated by org.testng.reporters.JUnitReportReporter -->
<testsuite hostname="USBLRMGIRISH7" failures="0" tests="1" name="api.test.getrequest" time="0.892" errors="0" timestamp="2024-03-20T16:59:41 IST" skipped="0">
  <testcase classname="api.test.getrequest" name="postReq" time="0.892"/>
  <system-out/>
</testsuite> <!-- api.test.getrequest -->
