<?xml version="1.0" encoding="UTF-8"?>
<!-- Generated by org.testng.reporters.JUnitReportReporter -->
<testsuite hostname="USBLRMGIRISH7" failures="0" tests="1" name="api.test.getrequest" time="2.741" errors="0" timestamp="2024-03-19T14:57:50 IST" skipped="0">
  <testcase classname="api.test.getrequest" name="postReq" time="2.741"/>
  <system-out/>
</testsuite> <!-- api.test.getrequest -->
